Starting a Gradle Daemon, 1 busy and 1 incompatible and 4 stopped Daemons could not be reused, use --status for details
> Task :compileJava
> Task :processResources UP-TO-DATE
> Task :classes
> Task :resolveMainClassName

> Task :bootRun

  .   ____          _            __ _ _
 /\\ / ___'_ __ _ _(_)_ __  __ _ \ \ \ \
( ( )\___ | '_ | '_| | '_ \/ _` | \ \ \ \
 \\/  ___)| |_)| | | | | || (_| |  ) ) ) )
  '  |____| .__|_| |_|_| |_\__, | / / / /
 =========|_|==============|___/=/_/_/_/

 :: Spring Boot ::                (v4.0.6)

2026-05-07T13:26:16.897+07:00  INFO 16916 --- [  restartedMain] com.codegym.finance.FinanceApplication   : Starting FinanceApplication using Java 17.0.12 with PID 16916 (D:\Module4\project\finance\build\classes\java\main started by Admin in D:\Module4\project\finance)
2026-05-07T13:26:16.902+07:00  INFO 16916 --- [  restartedMain] com.codegym.finance.FinanceApplication   : No active profile set, falling back to 1 default profile: "default"
2026-05-07T13:26:16.957+07:00  INFO 16916 --- [  restartedMain] .e.DevToolsPropertyDefaultsPostProcessor : Devtools property defaults active! Set 'spring.devtools.add-properties' to 'false' to disable
2026-05-07T13:26:16.957+07:00  INFO 16916 --- [  restartedMain] .e.DevToolsPropertyDefaultsPostProcessor : For additional web related logging consider setting the 'logging.level.web' property to 'DEBUG'
2026-05-07T13:26:17.830+07:00  INFO 16916 --- [  restartedMain] .s.d.r.c.RepositoryConfigurationDelegate : Bootstrapping Spring Data JPA repositories in DEFAULT mode.
2026-05-07T13:26:17.914+07:00  INFO 16916 --- [  restartedMain] .s.d.r.c.RepositoryConfigurationDelegate : Finished Spring Data repository scanning in 82 ms. Found 7 JPA repository interfaces.
2026-05-07T13:26:18.712+07:00  INFO 16916 --- [  restartedMain] o.s.boot.tomcat.TomcatWebServer          : Tomcat initialized with port 8081 (http)
2026-05-07T13:26:18.733+07:00  INFO 16916 --- [  restartedMain] o.apache.catalina.core.StandardService   : Starting service [Tomcat]
2026-05-07T13:26:18.733+07:00  INFO 16916 --- [  restartedMain] o.apache.catalina.core.StandardEngine    : Starting Servlet engine: [Apache Tomcat/11.0.21]
2026-05-07T13:26:18.780+07:00  INFO 16916 --- [  restartedMain] b.w.c.s.WebApplicationContextInitializer : Root WebApplicationContext: initialization completed in 1822 ms
2026-05-07T13:26:19.004+07:00  INFO 16916 --- [  restartedMain] org.hibernate.orm.jpa                    : HHH008540: Processing PersistenceUnitInfo [name: default]
2026-05-07T13:26:19.130+07:00  INFO 16916 --- [  restartedMain] org.hibernate.orm.core                   : HHH000001: Hibernate ORM core version 7.2.12.Final
2026-05-07T13:26:19.874+07:00  INFO 16916 --- [  restartedMain] o.s.o.j.p.SpringPersistenceUnitInfo      : No LoadTimeWeaver setup: ignoring JPA class transformer
2026-05-07T13:26:19.924+07:00  INFO 16916 --- [  restartedMain] com.zaxxer.hikari.HikariDataSource       : HikariPool-1 - Starting...
2026-05-07T13:26:20.780+07:00  INFO 16916 --- [  restartedMain] com.zaxxer.hikari.pool.HikariPool        : HikariPool-1 - Added connection com.mysql.cj.jdbc.ConnectionImpl@6893d564
2026-05-07T13:26:20.780+07:00  INFO 16916 --- [  restartedMain] com.zaxxer.hikari.HikariDataSource       : HikariPool-1 - Start completed.
2026-05-07T13:26:21.070+07:00  WARN 16916 --- [  restartedMain] org.hibernate.orm.deprecation            : HHH90000025: MySQLDialect does not need to be specified explicitly using 'hibernate.dialect' (remove the property setting and it will be selected by default)
2026-05-07T13:26:21.105+07:00  INFO 16916 --- [  restartedMain] org.hibernate.orm.connections.pooling    : HHH10001005: Database info:
	Database JDBC URL [jdbc:mysql://localhost:3306/finance_tracker]
	Database driver: MySQL Connector/J
	Database dialect: MySQLDialect
	Database version: 8.0.44
	Default catalog/schema: finance_tracker/undefined
	Autocommit mode: undefined/unknown
	Isolation level: REPEATABLE_READ [default REPEATABLE_READ]
	JDBC fetch size: none
	Pool: DataSourceConnectionProvider
	Minimum pool size: undefined/unknown
	Maximum pool size: undefined/unknown
2026-05-07T13:26:22.867+07:00  INFO 16916 --- [  restartedMain] org.hibernate.orm.core                   : HHH000489: No JTA platform available (set 'hibernate.transaction.jta.platform' to enable JTA platform integration)
2026-05-07T13:26:23.451+07:00  INFO 16916 --- [  restartedMain] j.LocalContainerEntityManagerFactoryBean : Initialized JPA EntityManagerFactory for persistence unit 'default'
2026-05-07T13:26:23.540+07:00  INFO 16916 --- [  restartedMain] o.s.d.j.r.query.QueryEnhancerFactories   : Hibernate is in classpath; If applicable, HQL parser will be used.
2026-05-07T13:26:24.914+07:00  WARN 16916 --- [  restartedMain] JpaBaseConfiguration$JpaWebConfiguration : spring.jpa.open-in-view is enabled by default. Therefore, database queries may be performed during view rendering. Explicitly configure spring.jpa.open-in-view to disable this warning
2026-05-07T13:26:25.047+07:00  INFO 16916 --- [  restartedMain] r$InitializeUserDetailsManagerConfigurer : Global AuthenticationManager configured with UserDetailsService bean with name customUserDetailsService
2026-05-07T13:26:25.630+07:00  INFO 16916 --- [  restartedMain] o.s.boot.tomcat.TomcatWebServer          : Tomcat started on port 8081 (http) with context path '/'
2026-05-07T13:26:25.645+07:00  INFO 16916 --- [  restartedMain] com.codegym.finance.FinanceApplication   : Started FinanceApplication in 9.306 seconds (process running for 9.895)
2026-05-07T13:29:03.675+07:00  INFO 16916 --- [nio-8081-exec-2] o.a.c.c.C.[Tomcat].[localhost].[/]       : Initializing Spring DispatcherServlet 'dispatcherServlet'
2026-05-07T13:29:03.675+07:00  INFO 16916 --- [nio-8081-exec-2] o.s.web.servlet.DispatcherServlet        : Initializing Servlet 'dispatcherServlet'
2026-05-07T13:29:03.677+07:00  INFO 16916 --- [nio-8081-exec-2] o.s.web.servlet.DispatcherServlet        : Completed initialization in 2 ms
2026-05-07T13:39:21.947+07:00  INFO 16916 --- [   File Watcher] rtingClassPathChangeChangedEventListener : Restarting due to 19 class path changes (0 additions, 0 deletions, 19 modifications)
2026-05-07T13:39:21.954+07:00  INFO 16916 --- [       Thread-1] o.s.boot.tomcat.GracefulShutdown         : Commencing graceful shutdown. Waiting for active requests to complete
2026-05-07T13:39:22.281+07:00  INFO 16916 --- [tomcat-shutdown] o.s.boot.tomcat.GracefulShutdown         : Graceful shutdown complete
2026-05-07T13:39:22.298+07:00  INFO 16916 --- [       Thread-1] j.LocalContainerEntityManagerFactoryBean : Closing JPA EntityManagerFactory for persistence unit 'default'
2026-05-07T13:39:22.305+07:00  INFO 16916 --- [       Thread-1] com.zaxxer.hikari.HikariDataSource       : HikariPool-1 - Shutdown initiated...
2026-05-07T13:39:22.318+07:00  INFO 16916 --- [       Thread-1] com.zaxxer.hikari.HikariDataSource       : HikariPool-1 - Shutdown completed.

  .   ____          _            __ _ _
 /\\ / ___'_ __ _ _(_)_ __  __ _ \ \ \ \
( ( )\___ | '_ | '_| | '_ \/ _` | \ \ \ \
 \\/  ___)| |_)| | | | | || (_| |  ) ) ) )
  '  |____| .__|_| |_|_| |_\__, | / / / /
 =========|_|==============|___/=/_/_/_/

 :: Spring Boot ::                (v4.0.6)

2026-05-07T13:39:22.489+07:00  INFO 16916 --- [  restartedMain] com.codegym.finance.FinanceApplication   : Starting FinanceApplication using Java 17.0.12 with PID 16916 (D:\Module4\project\finance\build\classes\java\main started by Admin in D:\Module4\project\finance)
2026-05-07T13:39:22.489+07:00  INFO 16916 --- [  restartedMain] com.codegym.finance.FinanceApplication   : No active profile set, falling back to 1 default profile: "default"
2026-05-07T13:39:24.380+07:00  INFO 16916 --- [  restartedMain] .s.d.r.c.RepositoryConfigurationDelegate : Bootstrapping Spring Data JPA repositories in DEFAULT mode.
2026-05-07T13:39:24.425+07:00  INFO 16916 --- [  restartedMain] .s.d.r.c.RepositoryConfigurationDelegate : Finished Spring Data repository scanning in 45 ms. Found 7 JPA repository interfaces.
2026-05-07T13:39:24.605+07:00  INFO 16916 --- [  restartedMain] o.s.boot.tomcat.TomcatWebServer          : Tomcat initialized with port 8081 (http)
2026-05-07T13:39:24.605+07:00  INFO 16916 --- [  restartedMain] o.apache.catalina.core.StandardService   : Starting service [Tomcat]
2026-05-07T13:39:24.605+07:00  INFO 16916 --- [  restartedMain] o.apache.catalina.core.StandardEngine    : Starting Servlet engine: [Apache Tomcat/11.0.21]
2026-05-07T13:39:24.673+07:00  INFO 16916 --- [  restartedMain] b.w.c.s.WebApplicationContextInitializer : Root WebApplicationContext: initialization completed in 2176 ms
2026-05-07T13:39:24.770+07:00  INFO 16916 --- [  restartedMain] org.hibernate.orm.jpa                    : HHH008540: Processing PersistenceUnitInfo [name: default]
2026-05-07T13:39:24.863+07:00  INFO 16916 --- [  restartedMain] o.s.o.j.p.SpringPersistenceUnitInfo      : No LoadTimeWeaver setup: ignoring JPA class transformer
2026-05-07T13:39:24.870+07:00  INFO 16916 --- [  restartedMain] com.zaxxer.hikari.HikariDataSource       : HikariPool-2 - Starting...
2026-05-07T13:39:25.014+07:00  INFO 16916 --- [  restartedMain] com.zaxxer.hikari.pool.HikariPool        : HikariPool-2 - Added connection com.mysql.cj.jdbc.ConnectionImpl@1715c92a
2026-05-07T13:39:25.014+07:00  INFO 16916 --- [  restartedMain] com.zaxxer.hikari.HikariDataSource       : HikariPool-2 - Start completed.
2026-05-07T13:39:25.014+07:00  WARN 16916 --- [  restartedMain] org.hibernate.orm.deprecation            : HHH90000025: MySQLDialect does not need to be specified explicitly using 'hibernate.dialect' (remove the property setting and it will be selected by default)
2026-05-07T13:39:25.064+07:00  INFO 16916 --- [  restartedMain] org.hibernate.orm.connections.pooling    : HHH10001005: Database info:
	Database JDBC URL [jdbc:mysql://localhost:3306/finance_tracker]
	Database driver: MySQL Connector/J
	Database dialect: MySQLDialect
	Database version: 8.0.44
	Default catalog/schema: finance_tracker/undefined
	Autocommit mode: undefined/unknown
	Isolation level: REPEATABLE_READ [default REPEATABLE_READ]
	JDBC fetch size: none
	Pool: DataSourceConnectionProvider
	Minimum pool size: undefined/unknown
	Maximum pool size: undefined/unknown
2026-05-07T13:39:25.297+07:00  INFO 16916 --- [  restartedMain] org.hibernate.orm.core                   : HHH000489: No JTA platform available (set 'hibernate.transaction.jta.platform' to enable JTA platform integration)
2026-05-07T13:39:25.597+07:00  INFO 16916 --- [  restartedMain] j.LocalContainerEntityManagerFactoryBean : Initialized JPA EntityManagerFactory for persistence unit 'default'
2026-05-07T13:39:25.775+07:00  WARN 16916 --- [  restartedMain] JpaBaseConfiguration$JpaWebConfiguration : spring.jpa.open-in-view is enabled by default. Therefore, database queries may be performed during view rendering. Explicitly configure spring.jpa.open-in-view to disable this warning
2026-05-07T13:39:25.815+07:00  INFO 16916 --- [  restartedMain] r$InitializeUserDetailsManagerConfigurer : Global AuthenticationManager configured with UserDetailsService bean with name customUserDetailsService
2026-05-07T13:39:26.013+07:00  INFO 16916 --- [  restartedMain] o.s.boot.tomcat.TomcatWebServer          : Tomcat started on port 8081 (http) with context path '/'
2026-05-07T13:39:26.013+07:00  INFO 16916 --- [  restartedMain] com.codegym.finance.FinanceApplication   : Started FinanceApplication in 3.552 seconds (process running for 790.27)
2026-05-07T13:39:26.013+07:00  INFO 16916 --- [  restartedMain] .ConditionEvaluationDeltaLoggingListener : Condition evaluation unchanged
2026-05-07T13:40:32.664+07:00  INFO 16916 --- [   File Watcher] rtingClassPathChangeChangedEventListener : Restarting due to 70 class path changes (0 additions, 70 deletions, 0 modifications)
2026-05-07T13:40:32.664+07:00  INFO 16916 --- [       Thread-5] o.s.boot.tomcat.GracefulShutdown         : Commencing graceful shutdown. Waiting for active requests to complete
2026-05-07T13:40:33.072+07:00  INFO 16916 --- [tomcat-shutdown] o.s.boot.tomcat.GracefulShutdown         : Graceful shutdown complete
2026-05-07T13:40:33.072+07:00  INFO 16916 --- [       Thread-5] j.LocalContainerEntityManagerFactoryBean : Closing JPA EntityManagerFactory for persistence unit 'default'
2026-05-07T13:40:33.072+07:00  INFO 16916 --- [       Thread-5] com.zaxxer.hikari.HikariDataSource       : HikariPool-2 - Shutdown initiated...
2026-05-07T13:40:33.102+07:00  INFO 16916 --- [       Thread-5] com.zaxxer.hikari.HikariDataSource       : HikariPool-2 - Shutdown completed.

  .   ____          _            __ _ _
 /\\ / ___'_ __ _ _(_)_ __  __ _ \ \ \ \
( ( )\___ | '_ | '_| | '_ \/ _` | \ \ \ \
 \\/  ___)| |_)| | | | | || (_| |  ) ) ) )
  '  |____| .__|_| |_|_| |_\__, | / / / /
 =========|_|==============|___/=/_/_/_/

 :: Spring Boot ::                (v4.0.6)

2026-05-07T13:40:33.498+07:00  INFO 16916 --- [  restartedMain] com.codegym.finance.FinanceApplication   : Starting FinanceApplication using Java 17.0.12 with PID 16916 (started by Admin in D:\Module4\project\finance)
2026-05-07T13:40:33.498+07:00  INFO 16916 --- [  restartedMain] com.codegym.finance.FinanceApplication   : No active profile set, falling back to 1 default profile: "default"
2026-05-07T13:40:33.733+07:00  INFO 16916 --- [  restartedMain] .s.d.r.c.RepositoryConfigurationDelegate : Bootstrapping Spring Data JPA repositories in DEFAULT mode.
2026-05-07T13:40:33.735+07:00  INFO 16916 --- [  restartedMain] .s.d.r.c.RepositoryConfigurationDelegate : Finished Spring Data repository scanning in 0 ms. Found 0 JPA repository interfaces.
2026-05-07T13:40:33.861+07:00  INFO 16916 --- [  restartedMain] o.s.boot.tomcat.TomcatWebServer          : Tomcat initialized with port 8081 (http)
2026-05-07T13:40:33.861+07:00  INFO 16916 --- [  restartedMain] o.apache.catalina.core.StandardService   : Starting service [Tomcat]
2026-05-07T13:40:33.861+07:00  INFO 16916 --- [  restartedMain] o.apache.catalina.core.StandardEngine    : Starting Servlet engine: [Apache Tomcat/11.0.21]
2026-05-07T13:40:33.892+07:00  INFO 16916 --- [  restartedMain] b.w.c.s.WebApplicationContextInitializer : Root WebApplicationContext: initialization completed in 391 ms
2026-05-07T13:40:33.920+07:00  WARN 16916 --- [  restartedMain] ConfigServletWebServerApplicationContext : Exception encountered during context initialization - cancelling refresh attempt: org.springframework.beans.factory.BeanCreationException: Error creating bean with name 'entityManagerFactory' defined in class path resource [org/springframework/boot/hibernate/autoconfigure/HibernateJpaConfiguration.class]: Failed to initialize dependency 'inMemoryDatabaseShutdownExecutor' of LoadTimeWeaverAware bean 'entityManagerFactory': Error creating bean with name 'inMemoryDatabaseShutdownExecutor' defined in class path resource [org/springframework/boot/devtools/autoconfigure/DevToolsDataSourceAutoConfiguration.class]: Unsatisfied dependency expressed through method 'inMemoryDatabaseShutdownExecutor' parameter 0: Error creating bean with name 'dataSource' defined in class path resource [org/springframework/boot/jdbc/autoconfigure/DataSourceConfiguration$Hikari.class]: Failed to instantiate [com.zaxxer.hikari.HikariDataSource]: Factory method 'dataSource' threw exception with message: Failed to determine a suitable driver class
2026-05-07T13:40:33.921+07:00  INFO 16916 --- [  restartedMain] o.apache.catalina.core.StandardService   : Stopping service [Tomcat]
2026-05-07T13:40:33.926+07:00  INFO 16916 --- [  restartedMain] .s.b.a.l.ConditionEvaluationReportLogger : 

Error starting ApplicationContext. To display the condition evaluation report re-run your application with 'debug' enabled.
2026-05-07T13:40:33.966+07:00 ERROR 16916 --- [  restartedMain] o.s.b.d.LoggingFailureAnalysisReporter   : 

***************************
APPLICATION FAILED TO START
***************************

Description:

Failed to configure a DataSource: 'url' attribute is not specified and no embedded datasource could be configured.

Reason: Failed to determine a suitable driver class


Action:

Consider the following:
	If you want an embedded database (H2, HSQL or Derby), please put it on the classpath.
	If you have database settings to be loaded from a particular profile you may need to activate it (no profiles are currently active).


  .   ____          _            __ _ _
 /\\ / ___'_ __ _ _(_)_ __  __ _ \ \ \ \
( ( )\___ | '_ | '_| | '_ \/ _` | \ \ \ \
 \\/  ___)| |_)| | | | | || (_| |  ) ) ) )
  '  |____| .__|_| |_|_| |_\__, | / / / /
 =========|_|==============|___/=/_/_/_/

 :: Spring Boot ::                (v4.0.6)

2026-05-07T13:40:51.765+07:00  INFO 16916 --- [  restartedMain] com.codegym.finance.FinanceApplication   : Starting FinanceApplication using Java 17.0.12 with PID 16916 (D:\Module4\project\finance\build\classes\java\main started by Admin in D:\Module4\project\finance)
2026-05-07T13:40:51.765+07:00  INFO 16916 --- [  restartedMain] com.codegym.finance.FinanceApplication   : No active profile set, falling back to 1 default profile: "default"
2026-05-07T13:40:51.963+07:00  INFO 16916 --- [  restartedMain] .s.d.r.c.RepositoryConfigurationDelegate : Bootstrapping Spring Data JPA repositories in DEFAULT mode.
2026-05-07T13:40:51.989+07:00  INFO 16916 --- [  restartedMain] .s.d.r.c.RepositoryConfigurationDelegate : Finished Spring Data repository scanning in 29 ms. Found 7 JPA repository interfaces.
2026-05-07T13:40:52.074+07:00  INFO 16916 --- [  restartedMain] o.s.boot.tomcat.TomcatWebServer          : Tomcat initialized with port 8081 (http)
2026-05-07T13:40:52.074+07:00  INFO 16916 --- [  restartedMain] o.apache.catalina.core.StandardService   : Starting service [Tomcat]
2026-05-07T13:40:52.074+07:00  INFO 16916 --- [  restartedMain] o.apache.catalina.core.StandardEngine    : Starting Servlet engine: [Apache Tomcat/11.0.21]
2026-05-07T13:40:52.111+07:00  INFO 16916 --- [  restartedMain] b.w.c.s.WebApplicationContextInitializer : Root WebApplicationContext: initialization completed in 343 ms
2026-05-07T13:40:52.257+07:00  INFO 16916 --- [  restartedMain] org.hibernate.orm.jpa                    : HHH008540: Processing PersistenceUnitInfo [name: default]
2026-05-07T13:40:52.296+07:00  INFO 16916 --- [  restartedMain] o.s.o.j.p.SpringPersistenceUnitInfo      : No LoadTimeWeaver setup: ignoring JPA class transformer
2026-05-07T13:40:52.296+07:00  INFO 16916 --- [  restartedMain] com.zaxxer.hikari.HikariDataSource       : HikariPool-3 - Starting...
2026-05-07T13:40:52.382+07:00  INFO 16916 --- [  restartedMain] com.zaxxer.hikari.pool.HikariPool        : HikariPool-3 - Added connection com.mysql.cj.jdbc.ConnectionImpl@4978b4c8
2026-05-07T13:40:52.382+07:00  INFO 16916 --- [  restartedMain] com.zaxxer.hikari.HikariDataSource       : HikariPool-3 - Start completed.
2026-05-07T13:40:52.382+07:00  WARN 16916 --- [  restartedMain] org.hibernate.orm.deprecation            : HHH90000025: MySQLDialect does not need to be specified explicitly using 'hibernate.dialect' (remove the property setting and it will be selected by default)
2026-05-07T13:40:52.405+07:00  INFO 16916 --- [  restartedMain] org.hibernate.orm.connections.pooling    : HHH10001005: Database info:
	Database JDBC URL [jdbc:mysql://localhost:3306/finance_tracker]
	Database driver: MySQL Connector/J
	Database dialect: MySQLDialect
	Database version: 8.0.44
	Default catalog/schema: finance_tracker/undefined
	Autocommit mode: undefined/unknown
	Isolation level: REPEATABLE_READ [default REPEATABLE_READ]
	JDBC fetch size: none
	Pool: DataSourceConnectionProvider
	Minimum pool size: undefined/unknown
	Maximum pool size: undefined/unknown
2026-05-07T13:40:52.563+07:00  INFO 16916 --- [  restartedMain] org.hibernate.orm.core                   : HHH000489: No JTA platform available (set 'hibernate.transaction.jta.platform' to enable JTA platform integration)
2026-05-07T13:40:52.643+07:00  INFO 16916 --- [  restartedMain] j.LocalContainerEntityManagerFactoryBean : Initialized JPA EntityManagerFactory for persistence unit 'default'
2026-05-07T13:40:52.802+07:00  WARN 16916 --- [  restartedMain] JpaBaseConfiguration$JpaWebConfiguration : spring.jpa.open-in-view is enabled by default. Therefore, database queries may be performed during view rendering. Explicitly configure spring.jpa.open-in-view to disable this warning
2026-05-07T13:40:52.815+07:00  INFO 16916 --- [  restartedMain] r$InitializeUserDetailsManagerConfigurer : Global AuthenticationManager configured with UserDetailsService bean with name customUserDetailsService
2026-05-07T13:40:53.053+07:00  INFO 16916 --- [  restartedMain] o.s.boot.tomcat.TomcatWebServer          : Tomcat started on port 8081 (http) with context path '/'
2026-05-07T13:40:53.055+07:00  INFO 16916 --- [  restartedMain] com.codegym.finance.FinanceApplication   : Started FinanceApplication in 1.315 seconds (process running for 877.306)
2026-05-07T13:40:53.055+07:00  INFO 16916 --- [  restartedMain] .ConditionEvaluationDeltaLoggingListener : Condition evaluation unchanged
2026-05-07T13:40:54.512+07:00  INFO 16916 --- [   File Watcher] rtingClassPathChangeChangedEventListener : Restarting due to 19 class path changes (19 additions, 0 deletions, 0 modifications)
2026-05-07T13:40:54.512+07:00  INFO 16916 --- [       Thread-9] o.s.boot.tomcat.GracefulShutdown         : Commencing graceful shutdown. Waiting for active requests to complete
2026-05-07T13:40:55.541+07:00  INFO 16916 --- [tomcat-shutdown] o.s.boot.tomcat.GracefulShutdown         : Graceful shutdown complete
2026-05-07T13:40:55.543+07:00  INFO 16916 --- [       Thread-9] j.LocalContainerEntityManagerFactoryBean : Closing JPA EntityManagerFactory for persistence unit 'default'
2026-05-07T13:40:55.544+07:00  INFO 16916 --- [       Thread-9] com.zaxxer.hikari.HikariDataSource       : HikariPool-3 - Shutdown initiated...
2026-05-07T13:40:55.550+07:00  INFO 16916 --- [       Thread-9] com.zaxxer.hikari.HikariDataSource       : HikariPool-3 - Shutdown completed.

  .   ____          _            __ _ _
 /\\ / ___'_ __ _ _(_)_ __  __ _ \ \ \ \
( ( )\___ | '_ | '_| | '_ \/ _` | \ \ \ \
 \\/  ___)| |_)| | | | | || (_| |  ) ) ) )
  '  |____| .__|_| |_|_| |_\__, | / / / /
 =========|_|==============|___/=/_/_/_/

 :: Spring Boot ::                (v4.0.6)

2026-05-07T13:40:55.748+07:00  INFO 16916 --- [  restartedMain] com.codegym.finance.FinanceApplication   : Starting FinanceApplication using Java 17.0.12 with PID 16916 (D:\Module4\project\finance\build\classes\java\main started by Admin in D:\Module4\project\finance)
2026-05-07T13:40:55.748+07:00  INFO 16916 --- [  restartedMain] com.codegym.finance.FinanceApplication   : No active profile set, falling back to 1 default profile: "default"
2026-05-07T13:40:56.037+07:00  INFO 16916 --- [  restartedMain] .s.d.r.c.RepositoryConfigurationDelegate : Bootstrapping Spring Data JPA repositories in DEFAULT mode.
2026-05-07T13:40:56.080+07:00  INFO 16916 --- [  restartedMain] .s.d.r.c.RepositoryConfigurationDelegate : Finished Spring Data repository scanning in 41 ms. Found 7 JPA repository interfaces.
2026-05-07T13:40:56.264+07:00  INFO 16916 --- [  restartedMain] o.s.boot.tomcat.TomcatWebServer          : Tomcat initialized with port 8081 (http)
2026-05-07T13:40:56.264+07:00  INFO 16916 --- [  restartedMain] o.apache.catalina.core.StandardService   : Starting service [Tomcat]
2026-05-07T13:40:56.264+07:00  INFO 16916 --- [  restartedMain] o.apache.catalina.core.StandardEngine    : Starting Servlet engine: [Apache Tomcat/11.0.21]
2026-05-07T13:40:56.318+07:00  INFO 16916 --- [  restartedMain] b.w.c.s.WebApplicationContextInitializer : Root WebApplicationContext: initialization completed in 566 ms
2026-05-07T13:40:56.379+07:00  INFO 16916 --- [  restartedMain] org.hibernate.orm.jpa                    : HHH008540: Processing PersistenceUnitInfo [name: default]
2026-05-07T13:40:56.442+07:00  INFO 16916 --- [  restartedMain] o.s.o.j.p.SpringPersistenceUnitInfo      : No LoadTimeWeaver setup: ignoring JPA class transformer
2026-05-07T13:40:56.443+07:00  INFO 16916 --- [  restartedMain] com.zaxxer.hikari.HikariDataSource       : HikariPool-4 - Starting...
2026-05-07T13:40:56.473+07:00  INFO 16916 --- [  restartedMain] com.zaxxer.hikari.pool.HikariPool        : HikariPool-4 - Added connection com.mysql.cj.jdbc.ConnectionImpl@696934b3
2026-05-07T13:40:56.474+07:00  INFO 16916 --- [  restartedMain] com.zaxxer.hikari.HikariDataSource       : HikariPool-4 - Start completed.
2026-05-07T13:40:56.475+07:00  WARN 16916 --- [  restartedMain] org.hibernate.orm.deprecation            : HHH90000025: MySQLDialect does not need to be specified explicitly using 'hibernate.dialect' (remove the property setting and it will be selected by default)
2026-05-07T13:40:56.488+07:00  INFO 16916 --- [  restartedMain] org.hibernate.orm.connections.pooling    : HHH10001005: Database info:
	Database JDBC URL [jdbc:mysql://localhost:3306/finance_tracker]
	Database driver: MySQL Connector/J
	Database dialect: MySQLDialect
	Database version: 8.0.44
	Default catalog/schema: finance_tracker/undefined
	Autocommit mode: undefined/unknown
	Isolation level: REPEATABLE_READ [default REPEATABLE_READ]
	JDBC fetch size: none
	Pool: DataSourceConnectionProvider
	Minimum pool size: undefined/unknown
	Maximum pool size: undefined/unknown
2026-05-07T13:40:56.726+07:00  INFO 16916 --- [  restartedMain] org.hibernate.orm.core                   : HHH000489: No JTA platform available (set 'hibernate.transaction.jta.platform' to enable JTA platform integration)
2026-05-07T13:40:56.796+07:00  INFO 16916 --- [  restartedMain] j.LocalContainerEntityManagerFactoryBean : Initialized JPA EntityManagerFactory for persistence unit 'default'
2026-05-07T13:40:56.992+07:00  WARN 16916 --- [  restartedMain] JpaBaseConfiguration$JpaWebConfiguration : spring.jpa.open-in-view is enabled by default. Therefore, database queries may be performed during view rendering. Explicitly configure spring.jpa.open-in-view to disable this warning
2026-05-07T13:40:57.023+07:00  INFO 16916 --- [  restartedMain] r$InitializeUserDetailsManagerConfigurer : Global AuthenticationManager configured with UserDetailsService bean with name customUserDetailsService
2026-05-07T13:40:57.268+07:00  INFO 16916 --- [  restartedMain] o.s.boot.tomcat.TomcatWebServer          : Tomcat started on port 8081 (http) with context path '/'
2026-05-07T13:40:57.274+07:00  INFO 16916 --- [  restartedMain] com.codegym.finance.FinanceApplication   : Started FinanceApplication in 1.56 seconds (process running for 881.522)
2026-05-07T13:40:57.276+07:00  INFO 16916 --- [  restartedMain] .ConditionEvaluationDeltaLoggingListener : Condition evaluation unchanged
2026-05-07T13:48:54.064+07:00  INFO 16916 --- [   File Watcher] rtingClassPathChangeChangedEventListener : Restarting due to 19 class path changes (0 additions, 0 deletions, 19 modifications)
2026-05-07T13:49:01.524+07:00  INFO 16916 --- [      Thread-16] o.s.boot.tomcat.GracefulShutdown         : Commencing graceful shutdown. Waiting for active requests to complete
2026-05-07T13:49:10.157+07:00  INFO 16916 --- [tomcat-shutdown] o.s.boot.tomcat.GracefulShutdown         : Graceful shutdown complete
2026-05-07T13:49:17.019+07:00  INFO 16916 --- [      Thread-16] j.LocalContainerEntityManagerFactoryBean : Closing JPA EntityManagerFactory for persistence unit 'default'
2026-05-07T13:49:19.572+07:00  INFO 16916 --- [      Thread-16] com.zaxxer.hikari.HikariDataSource       : HikariPool-4 - Shutdown initiated...
2026-05-07T13:49:23.825+07:00  INFO 16916 --- [      Thread-16] com.zaxxer.hikari.HikariDataSource       : HikariPool-4 - Shutdown completed.

  .   ____          _            __ _ _
 /\\ / ___'_ __ _ _(_)_ __  __ _ \ \ \ \
( ( )\___ | '_ | '_| | '_ \/ _` | \ \ \ \
 \\/  ___)| |_)| | | | | || (_| |  ) ) ) )
  '  |____| .__|_| |_|_| |_\__, | / / / /
 =========|_|==============|___/=/_/_/_/

 :: Spring Boot ::                (v4.0.6)

2026-05-07T13:50:05.851+07:00  INFO 16916 --- [  restartedMain] com.codegym.finance.FinanceApplication   : Starting FinanceApplication using Java 17.0.12 with PID 16916 (D:\Module4\project\finance\build\classes\java\main started by Admin in D:\Module4\project\finance)
2026-05-07T13:50:05.851+07:00  INFO 16916 --- [  restartedMain] com.codegym.finance.FinanceApplication   : No active profile set, falling back to 1 default profile: "default"
2026-05-07T13:50:07.430+07:00  INFO 16916 --- [  restartedMain] .s.d.r.c.RepositoryConfigurationDelegate : Bootstrapping Spring Data JPA repositories in DEFAULT mode.
2026-05-07T13:50:07.614+07:00  INFO 16916 --- [  restartedMain] .s.d.r.c.RepositoryConfigurationDelegate : Finished Spring Data repository scanning in 188 ms. Found 7 JPA repository interfaces.
2026-05-07T13:50:08.280+07:00  INFO 16916 --- [  restartedMain] o.s.boot.tomcat.TomcatWebServer          : Tomcat initialized with port 8081 (http)
2026-05-07T13:50:08.314+07:00  INFO 16916 --- [  restartedMain] o.apache.catalina.core.StandardService   : Starting service [Tomcat]
2026-05-07T13:50:08.314+07:00  INFO 16916 --- [  restartedMain] o.apache.catalina.core.StandardEngine    : Starting Servlet engine: [Apache Tomcat/11.0.21]
2026-05-07T13:50:08.515+07:00  INFO 16916 --- [  restartedMain] b.w.c.s.WebApplicationContextInitializer : Root WebApplicationContext: initialization completed in 2651 ms
2026-05-07T13:50:08.680+07:00  INFO 16916 --- [  restartedMain] org.hibernate.orm.jpa                    : HHH008540: Processing PersistenceUnitInfo [name: default]
2026-05-07T13:50:09.014+07:00  INFO 16916 --- [  restartedMain] o.s.o.j.p.SpringPersistenceUnitInfo      : No LoadTimeWeaver setup: ignoring JPA class transformer
2026-05-07T13:50:09.014+07:00  INFO 16916 --- [  restartedMain] com.zaxxer.hikari.HikariDataSource       : HikariPool-5 - Starting...
2026-05-07T13:50:09.347+07:00  INFO 16916 --- [  restartedMain] com.zaxxer.hikari.pool.HikariPool        : HikariPool-5 - Added connection com.mysql.cj.jdbc.ConnectionImpl@6ec38ff0
2026-05-07T13:50:09.351+07:00  INFO 16916 --- [  restartedMain] com.zaxxer.hikari.HikariDataSource       : HikariPool-5 - Start completed.
2026-05-07T13:50:09.396+07:00  WARN 16916 --- [  restartedMain] org.hibernate.orm.deprecation            : HHH90000025: MySQLDialect does not need to be specified explicitly using 'hibernate.dialect' (remove the property setting and it will be selected by default)
2026-05-07T13:50:09.505+07:00  INFO 16916 --- [  restartedMain] org.hibernate.orm.connections.pooling    : HHH10001005: Database info:
	Database JDBC URL [jdbc:mysql://localhost:3306/finance_tracker]
	Database driver: MySQL Connector/J
	Database dialect: MySQLDialect
	Database version: 8.0.44
	Default catalog/schema: finance_tracker/undefined
	Autocommit mode: undefined/unknown
	Isolation level: REPEATABLE_READ [default REPEATABLE_READ]
	JDBC fetch size: none
	Pool: DataSourceConnectionProvider
	Minimum pool size: undefined/unknown
	Maximum pool size: undefined/unknown
2026-05-07T13:50:10.097+07:00  INFO 16916 --- [  restartedMain] org.hibernate.orm.core                   : HHH000489: No JTA platform available (set 'hibernate.transaction.jta.platform' to enable JTA platform integration)
2026-05-07T13:50:10.740+07:00  INFO 16916 --- [  restartedMain] j.LocalContainerEntityManagerFactoryBean : Initialized JPA EntityManagerFactory for persistence unit 'default'
2026-05-07T13:50:11.529+07:00  WARN 16916 --- [  restartedMain] JpaBaseConfiguration$JpaWebConfiguration : spring.jpa.open-in-view is enabled by default. Therefore, database queries may be performed during view rendering. Explicitly configure spring.jpa.open-in-view to disable this warning
2026-05-07T13:50:11.567+07:00  INFO 16916 --- [  restartedMain] r$InitializeUserDetailsManagerConfigurer : Global AuthenticationManager configured with UserDetailsService bean with name customUserDetailsService
2026-05-07T13:50:11.854+07:00  INFO 16916 --- [  restartedMain] o.s.boot.tomcat.TomcatWebServer          : Tomcat started on port 8081 (http) with context path '/'
2026-05-07T13:50:11.854+07:00  INFO 16916 --- [  restartedMain] com.codegym.finance.FinanceApplication   : Started FinanceApplication in 6.682 seconds (process running for 1436.11)
2026-05-07T13:50:11.864+07:00  INFO 16916 --- [  restartedMain] .ConditionEvaluationDeltaLoggingListener : Condition evaluation unchanged
2026-05-07T13:52:30.352+07:00  INFO 16916 --- [   File Watcher] rtingClassPathChangeChangedEventListener : Restarting due to 19 class path changes (0 additions, 0 deletions, 19 modifications)
2026-05-07T13:52:30.352+07:00  INFO 16916 --- [      Thread-20] o.s.boot.tomcat.GracefulShutdown         : Commencing graceful shutdown. Waiting for active requests to complete
2026-05-07T13:52:31.063+07:00  INFO 16916 --- [tomcat-shutdown] o.s.boot.tomcat.GracefulShutdown         : Graceful shutdown complete
2026-05-07T13:52:31.073+07:00  INFO 16916 --- [      Thread-20] j.LocalContainerEntityManagerFactoryBean : Closing JPA EntityManagerFactory for persistence unit 'default'
2026-05-07T13:52:31.073+07:00  INFO 16916 --- [      Thread-20] com.zaxxer.hikari.HikariDataSource       : HikariPool-5 - Shutdown initiated...
2026-05-07T13:52:31.084+07:00  INFO 16916 --- [      Thread-20] com.zaxxer.hikari.HikariDataSource       : HikariPool-5 - Shutdown completed.

  .   ____          _            __ _ _
 /\\ / ___'_ __ _ _(_)_ __  __ _ \ \ \ \
( ( )\___ | '_ | '_| | '_ \/ _` | \ \ \ \
 \\/  ___)| |_)| | | | | || (_| |  ) ) ) )
  '  |____| .__|_| |_|_| |_\__, | / / / /
 =========|_|==============|___/=/_/_/_/

 :: Spring Boot ::                (v4.0.6)

2026-05-07T13:52:31.266+07:00  INFO 16916 --- [  restartedMain] com.codegym.finance.FinanceApplication   : Starting FinanceApplication using Java 17.0.12 with PID 16916 (D:\Module4\project\finance\build\classes\java\main started by Admin in D:\Module4\project\finance)
2026-05-07T13:52:31.267+07:00  INFO 16916 --- [  restartedMain] com.codegym.finance.FinanceApplication   : No active profile set, falling back to 1 default profile: "default"
2026-05-07T13:52:32.689+07:00  INFO 16916 --- [  restartedMain] .s.d.r.c.RepositoryConfigurationDelegate : Bootstrapping Spring Data JPA repositories in DEFAULT mode.
2026-05-07T13:52:32.729+07:00  INFO 16916 --- [  restartedMain] .s.d.r.c.RepositoryConfigurationDelegate : Finished Spring Data repository scanning in 34 ms. Found 7 JPA repository interfaces.
2026-05-07T13:52:32.874+07:00  INFO 16916 --- [  restartedMain] o.s.boot.tomcat.TomcatWebServer          : Tomcat initialized with port 8081 (http)
2026-05-07T13:52:32.874+07:00  INFO 16916 --- [  restartedMain] o.apache.catalina.core.StandardService   : Starting service [Tomcat]
2026-05-07T13:52:32.874+07:00  INFO 16916 --- [  restartedMain] o.apache.catalina.core.StandardEngine    : Starting Servlet engine: [Apache Tomcat/11.0.21]
2026-05-07T13:52:32.952+07:00  INFO 16916 --- [  restartedMain] b.w.c.s.WebApplicationContextInitializer : Root WebApplicationContext: initialization completed in 1685 ms
2026-05-07T13:52:32.998+07:00  INFO 16916 --- [  restartedMain] org.hibernate.orm.jpa                    : HHH008540: Processing PersistenceUnitInfo [name: default]
2026-05-07T13:52:33.039+07:00  INFO 16916 --- [  restartedMain] o.s.o.j.p.SpringPersistenceUnitInfo      : No LoadTimeWeaver setup: ignoring JPA class transformer
2026-05-07T13:52:33.039+07:00  INFO 16916 --- [  restartedMain] com.zaxxer.hikari.HikariDataSource       : HikariPool-6 - Starting...
2026-05-07T13:52:33.163+07:00  INFO 16916 --- [  restartedMain] com.zaxxer.hikari.pool.HikariPool        : HikariPool-6 - Added connection com.mysql.cj.jdbc.ConnectionImpl@3a1d7c57
2026-05-07T13:52:33.163+07:00  INFO 16916 --- [  restartedMain] com.zaxxer.hikari.HikariDataSource       : HikariPool-6 - Start completed.
2026-05-07T13:52:33.163+07:00  WARN 16916 --- [  restartedMain] org.hibernate.orm.deprecation            : HHH90000025: MySQLDialect does not need to be specified explicitly using 'hibernate.dialect' (remove the property setting and it will be selected by default)
2026-05-07T13:52:33.205+07:00  INFO 16916 --- [  restartedMain] org.hibernate.orm.connections.pooling    : HHH10001005: Database info:
	Database JDBC URL [jdbc:mysql://localhost:3306/finance_tracker]
	Database driver: MySQL Connector/J
	Database dialect: MySQLDialect
	Database version: 8.0.44
	Default catalog/schema: finance_tracker/undefined
	Autocommit mode: undefined/unknown
	Isolation level: REPEATABLE_READ [default REPEATABLE_READ]
	JDBC fetch size: none
	Pool: DataSourceConnectionProvider
	Minimum pool size: undefined/unknown
	Maximum pool size: undefined/unknown
2026-05-07T13:52:34.115+07:00  INFO 16916 --- [  restartedMain] org.hibernate.orm.core                   : HHH000489: No JTA platform available (set 'hibernate.transaction.jta.platform' to enable JTA platform integration)
2026-05-07T13:52:34.340+07:00  INFO 16916 --- [  restartedMain] j.LocalContainerEntityManagerFactoryBean : Initialized JPA EntityManagerFactory for persistence unit 'default'
2026-05-07T13:52:35.564+07:00  WARN 16916 --- [  restartedMain] JpaBaseConfiguration$JpaWebConfiguration : spring.jpa.open-in-view is enabled by default. Therefore, database queries may be performed during view rendering. Explicitly configure spring.jpa.open-in-view to disable this warning
2026-05-07T13:52:35.580+07:00  INFO 16916 --- [  restartedMain] r$InitializeUserDetailsManagerConfigurer : Global AuthenticationManager configured with UserDetailsService bean with name customUserDetailsService
2026-05-07T13:52:35.897+07:00  INFO 16916 --- [  restartedMain] o.s.boot.tomcat.TomcatWebServer          : Tomcat started on port 8081 (http) with context path '/'
2026-05-07T13:52:35.904+07:00  INFO 16916 --- [  restartedMain] com.codegym.finance.FinanceApplication   : Started FinanceApplication in 4.671 seconds (process running for 1580.153)
2026-05-07T13:52:35.904+07:00  INFO 16916 --- [  restartedMain] .ConditionEvaluationDeltaLoggingListener : Condition evaluation unchanged
